#
# A fatal error has been detected by the Java Runtime Environment:
#
#  SIGSEGV (0xb) at pc=0x00007ff2c5866524, pid=14266, tid=14295
#
# JRE version: OpenJDK Runtime Environment (17.0.6+10) (build 17.0.6+10-Ubuntu-0ubuntu120.04.1)
# Java VM: OpenJDK 64-Bit Server VM (17.0.6+10-Ubuntu-0ubuntu120.04.1, mixed mode, sharing, tiered, compressed oops, compressed class ptrs, g1 gc, linux-amd64)
# Problematic frame:
# V  [libjvm.so+0x569524]
#
# Core dump will be written. Default location: Core dumps may be processed with "/usr/share/apport/apport -p%p -s%s -c%c -d%d -P%P -u%u -g%g -- %E" (or dumping to /home/sandeep/IdeaProjects/MavenPro1/core.14266)
#
# If you would like to submit a bug report, please visit:
#   Unknown
#

---------------  S U M M A R Y ------------

Command Line: -Dclassworlds.conf=/opt/maven/bin/m2.conf -Dmaven.home=/opt/maven -Dlibrary.jansi.path=/opt/maven/lib/jansi-native -Dmaven.multiModuleProjectDirectory=/home/sandeep/IdeaProjects/MavenPro1 org.codehaus.plexus.classworlds.launcher.Launcher test

Host: Intel(R) Core(TM) i5-8265U CPU @ 1.60GHz, 4 cores, 4G, Ubuntu 20.04.5 LTS
Time: Sat Mar 18 10:29:17 2023 IST elapsed time: 2.012743 seconds (0d 0h 0m 2s)

---------------  T H R E A D  ---------------

Current thread (0x00007ff2c00e09a0):  JavaThread "C1 CompilerThread0" daemon [_thread_in_vm, id=14295, stack(0x00007ff28ec8a000,0x00007ff28ed8b000)]


Current CompileTask:
C1:   2012 3231       2       com.google.inject.internal.asm.$MethodWriter::putMethodInfo (1274 bytes)

Stack: [0x00007ff28ec8a000,0x00007ff28ed8b000],  sp=0x00007ff28ed88e70,  free space=1019k
Native frames: (J=compiled Java code, j=interpreted, Vv=VM code, C=native code)
V  [libjvm.so+0x569524]
V  [libjvm.so+0x568760]
V  [libjvm.so+0x564743]
V  [libjvm.so+0x49043f]
V  [libjvm.so+0x48c28d]
V  [libjvm.so+0x48c709]
V  [libjvm.so+0x48dd4b]
V  [libjvm.so+0x490231]
V  [libjvm.so+0x4922e6]
V  [libjvm.so+0x497e72]
V  [libjvm.so+0x497f37]
V  [libjvm.so+0x4726f3]
V  [libjvm.so+0x47356c]
V  [libjvm.so+0x4736de]
V  [libjvm.so+0x473aba]
V  [libjvm.so+0x474714]
V  [libjvm.so+0x5ee4a7]
V  [libjvm.so+0x5ef118]
V  [libjvm.so+0xedd630]
V  [libjvm.so+0xee0b34]
V  [libjvm.so+0xc33929]


siginfo: si_signo: 11 (SIGSEGV), si_code: 1 (SEGV_MAPERR), si_addr: 0x0000000000001f9c

Register to memory mapping:

RAX=0x00007ff28dbd6ff8 is pointing into metadata
RBX=0x00007ff2c0a10de0 points into unknown readable memory: 0x00007ff2c65f8398 | 98 83 5f c6 f2 7f 00 00
RCX=0x00007ff2c6578b88: <offset 0x000000000127bb88> in /usr/lib/jvm/java-17-openjdk-amd64/lib/server/libjvm.so at 0x00007ff2c52fd000
RDX=0x0000000000000004 is an unknown value
RSP=0x00007ff28ed88e70 is pointing into the stack for thread: 0x00007ff2c00e09a0
RBP=0x00007ff28ed88eb0 is pointing into the stack for thread: 0x00007ff2c00e09a0
RSI=0x00007ff2c0a10df0 points into unknown readable memory: 0x00007ff2c6578b88 | 88 8b 57 c6 f2 7f 00 00
RDI=0x00007ff2c0a10df0 points into unknown readable memory: 0x00007ff2c6578b88 | 88 8b 57 c6 f2 7f 00 00
R8 =0x00000000000000ab is an unknown value
R9 =0x00007ff2c00e1470 points into unknown readable memory: 0x00007ff28da6b3f8 | f8 b3 a6 8d f2 7f 00 00
R10=0x00007ff28ed88d90 is pointing into the stack for thread: 0x00007ff2c00e09a0
R11=0x0000000000000246 is an unknown value
R12=0x00007ff2c0a10df0 points into unknown readable memory: 0x00007ff2c6578b88 | 88 8b 57 c6 f2 7f 00 00
R13=0x0000000000000002 is an unknown value
R14=0x0000000000000004 is an unknown value
R15=0x0000000000001f04 is an unknown value


Registers:
RAX=0x00007ff28dbd6ff8, RBX=0x00007ff2c0a10de0, RCX=0x00007ff2c6578b88, RDX=0x0000000000000004
RSP=0x00007ff28ed88e70, RBP=0x00007ff28ed88eb0, RSI=0x00007ff2c0a10df0, RDI=0x00007ff2c0a10df0
R8 =0x00000000000000ab, R9 =0x00007ff2c00e1470, R10=0x00007ff28ed88d90, R11=0x0000000000000246
R12=0x00007ff2c0a10df0, R13=0x0000000000000002, R14=0x0000000000000004, R15=0x0000000000001f04
RIP=0x00007ff2c5866524, EFLAGS=0x0000000000010202, CSGSFS=0x002b000000000033, ERR=0x0000000000000004
  TRAPNO=0x000000000000000e

Top of Stack: (sp=0x00007ff28ed88e70)
0x00007ff28ed88e70:   00007ff28dbd6ec8 0000000000000090
0x00007ff28ed88e80:   00007ff2c0a10de0 00007ff274a751c0
0x00007ff28ed88e90:   0000000000000090 00007ff2c0a10de0
0x00007ff28ed88ea0:   00007ff28dbd6ec8 00007ff2c0a10df0 

Instructions: (pc=0x00007ff2c5866524)
0x00007ff2c5866424:   48 89 fb 48 83 ec 08 e8 e0 bb 65 00 4c 8d 2d 41
0x00007ff2c5866434:   c1 db 00 48 8b 53 08 49 8b 45 00 8d 44 00 02 48
0x00007ff2c5866444:   98 48 8b 44 c2 08 83 f8 01 7e 1f 48 8d 7b 10 44
0x00007ff2c5866454:   89 e6 e8 35 ca 65 00 49 8b 45 00 48 8b 53 08 8d
0x00007ff2c5866464:   44 00 02 48 98 48 8b 44 c2 08 a8 01 75 0e 48 83
0x00007ff2c5866474:   c4 08 5b 41 5c 41 5d 5d c3 0f 1f 00 48 83 c4 08
0x00007ff2c5866484:   48 8d 7b 20 44 89 e6 5b 41 5c 41 5d 5d e9 fa ca
0x00007ff2c5866494:   65 00 66 2e 0f 1f 84 00 00 00 00 00 f3 0f 1e fa
0x00007ff2c58664a4:   48 8d 05 cd c0 db 00 8b 00 85 c0 0f 84 3b 01 00
0x00007ff2c58664b4:   00 55 48 89 e5 41 57 41 56 41 55 45 31 ed 41 54
0x00007ff2c58664c4:   49 89 f4 53 48 89 fb 48 83 ec 18 eb 24 0f 1f 80
0x00007ff2c58664d4:   00 00 00 00 48 8b 43 08 4a c7 44 f0 08 00 00 00
0x00007ff2c58664e4:   00 48 8d 05 8c c0 db 00 44 3b 28 0f 83 80 00 00
0x00007ff2c58664f4:   00 49 8b 04 24 4c 89 e7 ff 50 20 84 c0 b8 00 00
0x00007ff2c5866504:   00 00 49 0f 45 c4 41 83 c5 01 43 8d 54 2d 00 48
0x00007ff2c5866514:   8b 40 08 4c 63 f2 4e 8b 7c f0 08 4d 85 ff 74 b4
0x00007ff2c5866524:   49 8b bf 98 00 00 00 89 55 cc e8 cd 20 03 00 8b
0x00007ff2c5866534:   55 cc 84 c0 74 4e 66 48 8d 3d 6e 6a db 00 66 66
0x00007ff2c5866544:   48 e8 26 70 ce ff 4c 89 fe 48 8b 00 48 8b 80 70
0x00007ff2c5866554:   05 00 00 48 8b 78 38 e8 c0 42 00 00 48 8b 53 08
0x00007ff2c5866564:   4a 89 44 f2 08 48 8d 05 08 c0 db 00 44 3b 28 72
0x00007ff2c5866574:   80 48 83 c4 18 5b 41 5c 41 5d 41 5e 41 5f 5d c3
0x00007ff2c5866584:   0f 1f 40 00 48 8b 43 08 83 c2 01 48 8d 0d 1a 94
0x00007ff2c5866594:   f2 ff 48 63 d2 48 c7 40 08 00 00 00 00 48 8b 43
0x00007ff2c58665a4:   08 4a c7 44 f0 08 00 00 00 00 48 8b 43 08 48 c7
0x00007ff2c58665b4:   44 d0 08 00 00 00 00 48 8b 03 48 8b 40 28 48 39
0x00007ff2c58665c4:   c8 75 19 48 8b 43 08 48 c7 40 10 00 00 00 00 e9
0x00007ff2c58665d4:   0d ff ff ff 0f 1f 84 00 00 00 00 00 48 89 df ff
0x00007ff2c58665e4:   d0 84 c0 0f 85 f8 fe ff ff eb d8 90 c3 66 2e 0f
0x00007ff2c58665f4:   1f 84 00 00 00 00 00 0f 1f 44 00 00 f3 0f 1e fa
0x00007ff2c5866604:   48 8d 05 6d bf db 00 8b 00 85 c0 0f 84 3b 01 00
0x00007ff2c5866614:   00 55 48 89 e5 41 57 41 56 41 55 45 31 ed 41 54 


Stack slot to memory mapping:
stack at sp + 0 slots: 0x00007ff28dbd6ec8 is pointing into metadata
stack at sp + 1 slots: 0x0000000000000090 is an unknown value
stack at sp + 2 slots: 0x00007ff2c0a10de0 points into unknown readable memory: 0x00007ff2c65f8398 | 98 83 5f c6 f2 7f 00 00
stack at sp + 3 slots: 0x00007ff274a751c0 points into unknown readable memory: 0x00007ff2c65f8830 | 30 88 5f c6 f2 7f 00 00
stack at sp + 4 slots: 0x0000000000000090 is an unknown value
stack at sp + 5 slots: 0x00007ff2c0a10de0 points into unknown readable memory: 0x00007ff2c65f8398 | 98 83 5f c6 f2 7f 00 00
stack at sp + 6 slots: 0x00007ff28dbd6ec8 is pointing into metadata
stack at sp + 7 slots: 0x00007ff2c0a10df0 points into unknown readable memory: 0x00007ff2c6578b88 | 88 8b 57 c6 f2 7f 00 00


---------------  P R O C E S S  ---------------

Threads class SMR info:
_java_thread_list=0x00007ff2c00fdeb0, length=11, elements={
0x00007ff2c0013d10, 0x00007ff2c00d4dc0, 0x00007ff2c00d61a0, 0x00007ff2c00db300,
0x00007ff2c00dc6b0, 0x00007ff2c00ddac0, 0x00007ff2c00df470, 0x00007ff2c00e09a0,
0x00007ff2c00e1e10, 0x00007ff2c00f9540, 0x00007ff2c00fcf20
}

Java Threads: ( => current thread )
  0x00007ff2c0013d10 JavaThread "main" [_thread_in_vm, id=14282, stack(0x00007ff2c4eb0000,0x00007ff2c4fb1000)]
  0x00007ff2c00d4dc0 JavaThread "Reference Handler" daemon [_thread_blocked, id=14289, stack(0x00007ff2a4032000,0x00007ff2a4133000)]
  0x00007ff2c00d61a0 JavaThread "Finalizer" daemon [_thread_blocked, id=14290, stack(0x00007ff28f6ff000,0x00007ff28f800000)]
  0x00007ff2c00db300 JavaThread "Signal Dispatcher" daemon [_thread_blocked, id=14291, stack(0x00007ff28f08e000,0x00007ff28f18f000)]
  0x00007ff2c00dc6b0 JavaThread "Service Thread" daemon [_thread_blocked, id=14292, stack(0x00007ff28ef8d000,0x00007ff28f08e000)]
  0x00007ff2c00ddac0 JavaThread "Monitor Deflation Thread" daemon [_thread_blocked, id=14293, stack(0x00007ff28ee8c000,0x00007ff28ef8d000)]
  0x00007ff2c00df470 JavaThread "C2 CompilerThread0" daemon [_thread_in_native, id=14294, stack(0x00007ff28ed8b000,0x00007ff28ee8c000)]
=>0x00007ff2c00e09a0 JavaThread "C1 CompilerThread0" daemon [_thread_in_vm, id=14295, stack(0x00007ff28ec8a000,0x00007ff28ed8b000)]
  0x00007ff2c00e1e10 JavaThread "Sweeper thread" daemon [_thread_blocked, id=14296, stack(0x00007ff28eb89000,0x00007ff28ec8a000)]
  0x00007ff2c00f9540 JavaThread "Notification Thread" daemon [_thread_blocked, id=14297, stack(0x00007ff28ea88000,0x00007ff28eb89000)]
  0x00007ff2c00fcf20 JavaThread "Common-Cleaner" daemon [_thread_blocked, id=14299, stack(0x00007ff28e885000,0x00007ff28e986000)]

Other Threads:
  0x00007ff2c00d0e40 VMThread "VM Thread" [stack: 0x00007ff2a4135000,0x00007ff2a4235000] [id=14288]
  0x00007ff2c00fae80 WatcherThread [stack: 0x00007ff28e988000,0x00007ff28ea88000] [id=14298]
  0x00007ff2c0056960 GCTaskThread "GC Thread#0" [stack: 0x00007ff2c4054000,0x00007ff2c4154000] [id=14283]
  0x00007ff288005030 GCTaskThread "GC Thread#1" [stack: 0x00007ff28e551000,0x00007ff28e651000] [id=14300]
  0x00007ff288009230 GCTaskThread "GC Thread#2" [stack: 0x00007ff28e44f000,0x00007ff28e54f000] [id=14301]
  0x00007ff288008e60 GCTaskThread "GC Thread#3" [stack: 0x00007ff28e34d000,0x00007ff28e44d000] [id=14302]
  0x00007ff2c0061480 ConcurrentGCThread "G1 Main Marker" [stack: 0x00007ff2a6aee000,0x00007ff2a6bee000] [id=14284]
  0x00007ff2c00623e0 ConcurrentGCThread "G1 Conc#0" [stack: 0x00007ff2a69ec000,0x00007ff2a6aec000] [id=14285]
  0x00007ff2c00a6cd0 ConcurrentGCThread "G1 Refine#0" [stack: 0x00007ff2a44e6000,0x00007ff2a45e6000] [id=14286]
  0x00007ff2c00a7bc0 ConcurrentGCThread "G1 Service" [stack: 0x00007ff2a43e4000,0x00007ff2a44e4000] [id=14287]

Threads with active compile tasks:
C2 CompilerThread0     2021 3014       4       org.codehaus.plexus.util.xml.pull.MXParser::parseStartTag (1190 bytes)
C1 CompilerThread0     2021 3231       2       com.google.inject.internal.asm.$MethodWriter::putMethodInfo (1274 bytes)

VM state: not at safepoint (normal execution)

VM Mutex/Monitor currently owned by a thread: None

Heap address: 0x00000000b5600000, size: 1194 MB, Compressed Oops mode: 32-bit

CDS archive(s) mapped at: [0x0000000800000000-0x0000000800be3000-0x0000000800be3000), size 12464128, SharedBaseAddress: 0x0000000800000000, ArchiveRelocationMode: 0.
Compressed class space mapped at: 0x0000000800c00000-0x0000000840c00000, reserved size: 1073741824
Narrow klass base: 0x0000000800000000, Narrow klass shift: 0, Narrow klass range: 0x100000000

GC Precious Log:
 CPUs: 4 total, 4 available
 Memory: 4773M
 Large Page Support: Disabled
 NUMA Support: Disabled
 Compressed Oops: Enabled (32-bit)
 Heap Region Size: 1M
 Heap Min Capacity: 8M
 Heap Initial Capacity: 76M
 Heap Max Capacity: 1194M
 Pre-touch: Disabled
 Parallel Workers: 4
 Concurrent Workers: 1
 Concurrent Refinement Workers: 4
 Periodic GC: Disabled

Heap:
 garbage-first heap   total 79872K, used 30495K [0x00000000b5600000, 0x0000000100000000)
  region size 1024K, 28 young (28672K), 5 survivors (5120K)
 Metaspace       used 16127K, committed 16384K, reserved 1064960K
  class space    used 1930K, committed 2048K, reserved 1048576K

Heap Regions: E=young(eden), S=young(survivor), O=old, HS=humongous(starts), HC=humongous(continues), CS=collection set, F=free, OA=open archive, CA=closed archive, TAMS=top-at-mark-start (previous, next)
|   0|0x00000000b5600000, 0x00000000b5700000, 0x00000000b5700000|100%| O|  |TAMS 0x00000000b5600000, 0x00000000b5600000| Untracked 
|   1|0x00000000b5700000, 0x00000000b5800000, 0x00000000b5800000|100%| O|  |TAMS 0x00000000b5700000, 0x00000000b5700000| Untracked 
|   2|0x00000000b5800000, 0x00000000b587c800, 0x00000000b5900000| 48%| O|  |TAMS 0x00000000b5800000, 0x00000000b5800000| Untracked 
|   3|0x00000000b5900000, 0x00000000b5900000, 0x00000000b5a00000|  0%| F|  |TAMS 0x00000000b5900000, 0x00000000b5900000| Untracked 
|   4|0x00000000b5a00000, 0x00000000b5a00000, 0x00000000b5b00000|  0%| F|  |TAMS 0x00000000b5a00000, 0x00000000b5a00000| Untracked 
|   5|0x00000000b5b00000, 0x00000000b5b00000, 0x00000000b5c00000|  0%| F|  |TAMS 0x00000000b5b00000, 0x00000000b5b00000| Untracked 
|   6|0x00000000b5c00000, 0x00000000b5c00000, 0x00000000b5d00000|  0%| F|  |TAMS 0x00000000b5c00000, 0x00000000b5c00000| Untracked 
|   7|0x00000000b5d00000, 0x00000000b5d00000, 0x00000000b5e00000|  0%| F|  |TAMS 0x00000000b5d00000, 0x00000000b5d00000| Untracked 
|   8|0x00000000b5e00000, 0x00000000b5e00000, 0x00000000b5f00000|  0%| F|  |TAMS 0x00000000b5e00000, 0x00000000b5e00000| Untracked 
|   9|0x00000000b5f00000, 0x00000000b5f00000, 0x00000000b6000000|  0%| F|  |TAMS 0x00000000b5f00000, 0x00000000b5f00000| Untracked 
|  10|0x00000000b6000000, 0x00000000b6000000, 0x00000000b6100000|  0%| F|  |TAMS 0x00000000b6000000, 0x00000000b6000000| Untracked 
|  11|0x00000000b6100000, 0x00000000b6100000, 0x00000000b6200000|  0%| F|  |TAMS 0x00000000b6100000, 0x00000000b6100000| Untracked 
|  12|0x00000000b6200000, 0x00000000b6200000, 0x00000000b6300000|  0%| F|  |TAMS 0x00000000b6200000, 0x00000000b6200000| Untracked 
|  13|0x00000000b6300000, 0x00000000b6300000, 0x00000000b6400000|  0%| F|  |TAMS 0x00000000b6300000, 0x00000000b6300000| Untracked 
|  14|0x00000000b6400000, 0x00000000b6400000, 0x00000000b6500000|  0%| F|  |TAMS 0x00000000b6400000, 0x00000000b6400000| Untracked 
|  15|0x00000000b6500000, 0x00000000b6500000, 0x00000000b6600000|  0%| F|  |TAMS 0x00000000b6500000, 0x00000000b6500000| Untracked 
|  16|0x00000000b6600000, 0x00000000b6600000, 0x00000000b6700000|  0%| F|  |TAMS 0x00000000b6600000, 0x00000000b6600000| Untracked 
|  17|0x00000000b6700000, 0x00000000b6700000, 0x00000000b6800000|  0%| F|  |TAMS 0x00000000b6700000, 0x00000000b6700000| Untracked 
|  18|0x00000000b6800000, 0x00000000b6800000, 0x00000000b6900000|  0%| F|  |TAMS 0x00000000b6800000, 0x00000000b6800000| Untracked 
|  19|0x00000000b6900000, 0x00000000b6900000, 0x00000000b6a00000|  0%| F|  |TAMS 0x00000000b6900000, 0x00000000b6900000| Untracked 
|  20|0x00000000b6a00000, 0x00000000b6a00000, 0x00000000b6b00000|  0%| F|  |TAMS 0x00000000b6a00000, 0x00000000b6a00000| Untracked 
|  21|0x00000000b6b00000, 0x00000000b6b00000, 0x00000000b6c00000|  0%| F|  |TAMS 0x00000000b6b00000, 0x00000000b6b00000| Untracked 
|  22|0x00000000b6c00000, 0x00000000b6c00000, 0x00000000b6d00000|  0%| F|  |TAMS 0x00000000b6c00000, 0x00000000b6c00000| Untracked 
|  23|0x00000000b6d00000, 0x00000000b6d00000, 0x00000000b6e00000|  0%| F|  |TAMS 0x00000000b6d00000, 0x00000000b6d00000| Untracked 
|  24|0x00000000b6e00000, 0x00000000b6e00000, 0x00000000b6f00000|  0%| F|  |TAMS 0x00000000b6e00000, 0x00000000b6e00000| Untracked 
|  25|0x00000000b6f00000, 0x00000000b6f00000, 0x00000000b7000000|  0%| F|  |TAMS 0x00000000b6f00000, 0x00000000b6f00000| Untracked 
|  26|0x00000000b7000000, 0x00000000b7051488, 0x00000000b7100000| 31%| S|CS|TAMS 0x00000000b7000000, 0x00000000b7000000| Complete 
|  27|0x00000000b7100000, 0x00000000b7200000, 0x00000000b7200000|100%| S|CS|TAMS 0x00000000b7100000, 0x00000000b7100000| Complete 
|  28|0x00000000b7200000, 0x00000000b7300000, 0x00000000b7300000|100%| S|CS|TAMS 0x00000000b7200000, 0x00000000b7200000| Complete 
|  29|0x00000000b7300000, 0x00000000b7400000, 0x00000000b7400000|100%| S|CS|TAMS 0x00000000b7300000, 0x00000000b7300000| Complete 
|  30|0x00000000b7400000, 0x00000000b7500000, 0x00000000b7500000|100%| S|CS|TAMS 0x00000000b7400000, 0x00000000b7400000| Complete 
|  31|0x00000000b7500000, 0x00000000b7500000, 0x00000000b7600000|  0%| F|  |TAMS 0x00000000b7500000, 0x00000000b7500000| Untracked 
|  32|0x00000000b7600000, 0x00000000b7600000, 0x00000000b7700000|  0%| F|  |TAMS 0x00000000b7600000, 0x00000000b7600000| Untracked 
|  33|0x00000000b7700000, 0x00000000b7700000, 0x00000000b7800000|  0%| F|  |TAMS 0x00000000b7700000, 0x00000000b7700000| Untracked 
|  34|0x00000000b7800000, 0x00000000b7800000, 0x00000000b7900000|  0%| F|  |TAMS 0x00000000b7800000, 0x00000000b7800000| Untracked 
|  35|0x00000000b7900000, 0x00000000b7900000, 0x00000000b7a00000|  0%| F|  |TAMS 0x00000000b7900000, 0x00000000b7900000| Untracked 
|  36|0x00000000b7a00000, 0x00000000b7a00000, 0x00000000b7b00000|  0%| F|  |TAMS 0x00000000b7a00000, 0x00000000b7a00000| Untracked 
|  37|0x00000000b7b00000, 0x00000000b7b00000, 0x00000000b7c00000|  0%| F|  |TAMS 0x00000000b7b00000, 0x00000000b7b00000| Untracked 
|  38|0x00000000b7c00000, 0x00000000b7c00000, 0x00000000b7d00000|  0%| F|  |TAMS 0x00000000b7c00000, 0x00000000b7c00000| Untracked 
|  39|0x00000000b7d00000, 0x00000000b7d00000, 0x00000000b7e00000|  0%| F|  |TAMS 0x00000000b7d00000, 0x00000000b7d00000| Untracked 
|  40|0x00000000b7e00000, 0x00000000b7e00000, 0x00000000b7f00000|  0%| F|  |TAMS 0x00000000b7e00000, 0x00000000b7e00000| Untracked 
|  41|0x00000000b7f00000, 0x00000000b7f00000, 0x00000000b8000000|  0%| F|  |TAMS 0x00000000b7f00000, 0x00000000b7f00000| Untracked 
|  42|0x00000000b8000000, 0x00000000b8000000, 0x00000000b8100000|  0%| F|  |TAMS 0x00000000b8000000, 0x00000000b8000000| Untracked 
|  43|0x00000000b8100000, 0x00000000b8100000, 0x00000000b8200000|  0%| F|  |TAMS 0x00000000b8100000, 0x00000000b8100000| Untracked 
|  44|0x00000000b8200000, 0x00000000b8200000, 0x00000000b8300000|  0%| F|  |TAMS 0x00000000b8200000, 0x00000000b8200000| Untracked 
|  45|0x00000000b8300000, 0x00000000b8300000, 0x00000000b8400000|  0%| F|  |TAMS 0x00000000b8300000, 0x00000000b8300000| Untracked 
|  46|0x00000000b8400000, 0x00000000b8400000, 0x00000000b8500000|  0%| F|  |TAMS 0x00000000b8400000, 0x00000000b8400000| Untracked 
|  47|0x00000000b8500000, 0x00000000b8500000, 0x00000000b8600000|  0%| F|  |TAMS 0x00000000b8500000, 0x00000000b8500000| Untracked 
|  48|0x00000000b8600000, 0x00000000b8600000, 0x00000000b8700000|  0%| F|  |TAMS 0x00000000b8600000, 0x00000000b8600000| Untracked 
|  49|0x00000000b8700000, 0x00000000b8700000, 0x00000000b8800000|  0%| F|  |TAMS 0x00000000b8700000, 0x00000000b8700000| Untracked 
|  50|0x00000000b8800000, 0x00000000b8800000, 0x00000000b8900000|  0%| F|  |TAMS 0x00000000b8800000, 0x00000000b8800000| Untracked 
|  51|0x00000000b8900000, 0x00000000b8900000, 0x00000000b8a00000|  0%| F|  |TAMS 0x00000000b8900000, 0x00000000b8900000| Untracked 
|  52|0x00000000b8a00000, 0x00000000b8a00000, 0x00000000b8b00000|  0%| F|  |TAMS 0x00000000b8a00000, 0x00000000b8a00000| Untracked 
|  53|0x00000000b8b00000, 0x00000000b8b80800, 0x00000000b8c00000| 50%| E|  |TAMS 0x00000000b8b00000, 0x00000000b8b00000| Complete 
|  54|0x00000000b8c00000, 0x00000000b8d00000, 0x00000000b8d00000|100%| E|CS|TAMS 0x00000000b8c00000, 0x00000000b8c00000| Complete 
|  55|0x00000000b8d00000, 0x00000000b8e00000, 0x00000000b8e00000|100%| E|CS|TAMS 0x00000000b8d00000, 0x00000000b8d00000| Complete 
|  56|0x00000000b8e00000, 0x00000000b8f00000, 0x00000000b8f00000|100%| E|CS|TAMS 0x00000000b8e00000, 0x00000000b8e00000| Complete 
|  57|0x00000000b8f00000, 0x00000000b9000000, 0x00000000b9000000|100%| E|CS|TAMS 0x00000000b8f00000, 0x00000000b8f00000| Complete 
|  58|0x00000000b9000000, 0x00000000b9100000, 0x00000000b9100000|100%| E|CS|TAMS 0x00000000b9000000, 0x00000000b9000000| Complete 
|  59|0x00000000b9100000, 0x00000000b9200000, 0x00000000b9200000|100%| E|CS|TAMS 0x00000000b9100000, 0x00000000b9100000| Complete 
|  60|0x00000000b9200000, 0x00000000b9300000, 0x00000000b9300000|100%| E|CS|TAMS 0x00000000b9200000, 0x00000000b9200000| Complete 
|  61|0x00000000b9300000, 0x00000000b9400000, 0x00000000b9400000|100%| E|CS|TAMS 0x00000000b9300000, 0x00000000b9300000| Complete 
|  62|0x00000000b9400000, 0x00000000b9500000, 0x00000000b9500000|100%| E|CS|TAMS 0x00000000b9400000, 0x00000000b9400000| Complete 
|  63|0x00000000b9500000, 0x00000000b9600000, 0x00000000b9600000|100%| E|CS|TAMS 0x00000000b9500000, 0x00000000b9500000| Complete 
|  64|0x00000000b9600000, 0x00000000b9700000, 0x00000000b9700000|100%| E|CS|TAMS 0x00000000b9600000, 0x00000000b9600000| Complete 
|  65|0x00000000b9700000, 0x00000000b9800000, 0x00000000b9800000|100%| E|CS|TAMS 0x00000000b9700000, 0x00000000b9700000| Complete 
|  66|0x00000000b9800000, 0x00000000b9900000, 0x00000000b9900000|100%| E|CS|TAMS 0x00000000b9800000, 0x00000000b9800000| Complete 
|  67|0x00000000b9900000, 0x00000000b9a00000, 0x00000000b9a00000|100%| E|CS|TAMS 0x00000000b9900000, 0x00000000b9900000| Complete 
|  68|0x00000000b9a00000, 0x00000000b9b00000, 0x00000000b9b00000|100%| E|CS|TAMS 0x00000000b9a00000, 0x00000000b9a00000| Complete 
|  69|0x00000000b9b00000, 0x00000000b9c00000, 0x00000000b9c00000|100%| E|CS|TAMS 0x00000000b9b00000, 0x00000000b9b00000| Complete 
|  70|0x00000000b9c00000, 0x00000000b9d00000, 0x00000000b9d00000|100%| E|CS|TAMS 0x00000000b9c00000, 0x00000000b9c00000| Complete 
|  71|0x00000000b9d00000, 0x00000000b9e00000, 0x00000000b9e00000|100%| E|CS|TAMS 0x00000000b9d00000, 0x00000000b9d00000| Complete 
|  72|0x00000000b9e00000, 0x00000000b9f00000, 0x00000000b9f00000|100%| E|CS|TAMS 0x00000000b9e00000, 0x00000000b9e00000| Complete 
|  73|0x00000000b9f00000, 0x00000000ba000000, 0x00000000ba000000|100%| E|CS|TAMS 0x00000000b9f00000, 0x00000000b9f00000| Complete 
|  74|0x00000000ba000000, 0x00000000ba100000, 0x00000000ba100000|100%| E|CS|TAMS 0x00000000ba000000, 0x00000000ba000000| Complete 
|  75|0x00000000ba100000, 0x00000000ba200000, 0x00000000ba200000|100%| E|CS|TAMS 0x00000000ba100000, 0x00000000ba100000| Complete 
|1192|0x00000000ffe00000, 0x00000000ffe77000, 0x00000000fff00000| 46%|OA|  |TAMS 0x00000000ffe00000, 0x00000000ffe00000| Untracked 
|1193|0x00000000fff00000, 0x00000000fff83000, 0x0000000100000000| 51%|CA|  |TAMS 0x00000000fff00000, 0x00000000fff00000| Untracked 

Card table byte_map: [0x00007ff2c43d1000,0x00007ff2c4626000] _byte_map_base: 0x00007ff2c3e26000

Marking Bits (Prev, Next): (CMBitMap*) 0x00007ff2c00573e0, (CMBitMap*) 0x00007ff2c0057420
 Prev Bits: [0x00007ff2a7e96000, 0x00007ff2a913e000)
 Next Bits: [0x00007ff2a6bee000, 0x00007ff2a7e96000)

Polling page: 0x00007ff2c68f7000

Metaspace:

Usage:
  Non-class:     13.91 MB used.
      Class:      1.89 MB used.
       Both:     15.80 MB used.

Virtual space:
  Non-class space:       16.00 MB reserved,      14.06 MB ( 88%) committed,  2 nodes.
      Class space:        1.00 GB reserved,       2.00 MB ( <1%) committed,  1 nodes.
             Both:        1.02 GB reserved,      16.06 MB (  2%) committed. 

Chunk freelists:
   Non-Class:  1.25 MB
       Class:  1.85 MB
        Both:  3.10 MB

MaxMetaspaceSize: unlimited
CompressedClassSpaceSize: 1.00 GB
Initial GC threshold: 21.00 MB
Current GC threshold: 21.00 MB
CDS: on
MetaspaceReclaimPolicy: balanced
 - commit_granule_bytes: 65536.
 - commit_granule_words: 8192.
 - virtual_space_node_default_size: 1048576.
 - enlarge_chunks_in_place: 1.
 - new_chunks_are_fully_committed: 0.
 - uncommit_free_chunks: 1.
 - use_allocation_guard: 0.
 - handle_deallocations: 1.


Internal statistics:

num_allocs_failed_limit: 0.
num_arena_births: 88.
num_arena_deaths: 0.
num_vsnodes_births: 3.
num_vsnodes_deaths: 0.
num_space_committed: 257.
num_space_uncommitted: 0.
num_chunks_returned_to_freelist: 0.
num_chunks_taken_from_freelist: 665.
num_chunk_merges: 0.
num_chunk_splits: 459.
num_chunks_enlarged: 375.
num_purges: 0.
num_inconsistent_stats: 0.

CodeHeap 'non-profiled nmethods': size=120032Kb used=1047Kb max_used=1047Kb free=118984Kb
 bounds [0x00007ff2b0c06000, 0x00007ff2b0e76000, 0x00007ff2b813e000]
CodeHeap 'profiled nmethods': size=120028Kb used=6269Kb max_used=6269Kb free=113758Kb
 bounds [0x00007ff2a913e000, 0x00007ff2a975e000, 0x00007ff2b0675000]
CodeHeap 'non-nmethods': size=5700Kb used=1171Kb max_used=1206Kb free=4528Kb
 bounds [0x00007ff2b0675000, 0x00007ff2b08e5000, 0x00007ff2b0c06000]
 total_blobs=3666 nmethods=3203 adapters=376
 compilation: enabled
              stopped_count=0, restarted_count=0
 full_count=0

Compilation events (20 events):
Event: 2.001 Thread 0x00007ff2c00e09a0 nmethod 3220 0x00007ff2a9756610 code [0x00007ff2a97567c0, 0x00007ff2a9756920]
Event: 2.001 Thread 0x00007ff2c00e09a0 3216       2       com.google.inject.spi.BindingSourceRestriction$1::visit (27 bytes)
Event: 2.001 Thread 0x00007ff2c00e09a0 nmethod 3216 0x00007ff2a9756a10 code [0x00007ff2a9756c00, 0x00007ff2a9757020]
Event: 2.001 Thread 0x00007ff2c00e09a0 3223       2       com.google.common.collect.Iterators::singletonIterator (9 bytes)
Event: 2.002 Thread 0x00007ff2c00e09a0 nmethod 3223 0x00007ff2a9757210 code [0x00007ff2a97573a0, 0x00007ff2a9757530]
Event: 2.002 Thread 0x00007ff2c00e09a0 3224       2       com.google.common.collect.Iterators$9::<init> (10 bytes)
Event: 2.002 Thread 0x00007ff2c00e09a0 nmethod 3224 0x00007ff2a9757610 code [0x00007ff2a97577a0, 0x00007ff2a97578f0]
Event: 2.002 Thread 0x00007ff2c00e09a0 3217       2       com.google.inject.spi.BindingSourceRestriction::access$000 (5 bytes)
Event: 2.002 Thread 0x00007ff2c00e09a0 nmethod 3217 0x00007ff2a9757990 code [0x00007ff2a9757b40, 0x00007ff2a9757c40]
Event: 2.002 Thread 0x00007ff2c00e09a0 3218       2       com.google.inject.spi.BindingSourceRestriction::check (199 bytes)
Event: 2.003 Thread 0x00007ff2c00e09a0 nmethod 3218 0x00007ff2a9757d10 code [0x00007ff2a97580a0, 0x00007ff2a9758db0]
Event: 2.003 Thread 0x00007ff2c00e09a0 3219       2       com.google.inject.spi.BindingSourceRestriction::getRestriction (38 bytes)
Event: 2.004 Thread 0x00007ff2c00e09a0 nmethod 3219 0x00007ff2a9759690 code [0x00007ff2a97598a0, 0x00007ff2a9759c10]
Event: 2.004 Thread 0x00007ff2c00e09a0 3221   !   2       com.google.inject.internal.AbstractBindingProcessor::putBinding (160 bytes)
Event: 2.005 Thread 0x00007ff2c00e09a0 nmethod 3221 0x00007ff2a9759e90 code [0x00007ff2a975a140, 0x00007ff2a975a980]
Event: 2.005 Thread 0x00007ff2c00e09a0 3213       2       com.google.inject.internal.BindingBuilder::to (43 bytes)
Event: 2.006 Thread 0x00007ff2c00e09a0 nmethod 3213 0x00007ff2a975b090 code [0x00007ff2a975b280, 0x00007ff2a975b860]
Event: 2.006 Thread 0x00007ff2c00e09a0 3228       2       com.google.inject.internal.asm.$SymbolTable::addConstant (330 bytes)
Event: 2.008 Thread 0x00007ff2c00e09a0 nmethod 3228 0x00007ff2a975ba90 code [0x00007ff2a975be60, 0x00007ff2a975cf30]
Event: 2.008 Thread 0x00007ff2c00e09a0 3231       2       com.google.inject.internal.asm.$MethodWriter::putMethodInfo (1274 bytes)

GC Heap History (6 events):
Event: 0.381 GC heap before
{Heap before GC invocations=0 (full 0):
 garbage-first heap   total 79872K, used 14312K [0x00000000b5600000, 0x0000000100000000)
  region size 1024K, 13 young (13312K), 0 survivors (0K)
 Metaspace       used 3944K, committed 4096K, reserved 1056768K
  class space    used 446K, committed 512K, reserved 1048576K
}
Event: 0.388 GC heap after
{Heap after GC invocations=1 (full 0):
 garbage-first heap   total 79872K, used 3512K [0x00000000b5600000, 0x0000000100000000)
  region size 1024K, 2 young (2048K), 2 survivors (2048K)
 Metaspace       used 3944K, committed 4096K, reserved 1056768K
  class space    used 446K, committed 512K, reserved 1048576K
}
Event: 0.693 GC heap before
{Heap before GC invocations=1 (full 0):
 garbage-first heap   total 79872K, used 20920K [0x00000000b5600000, 0x0000000100000000)
  region size 1024K, 19 young (19456K), 2 survivors (2048K)
 Metaspace       used 6183K, committed 6336K, reserved 1056768K
  class space    used 744K, committed 832K, reserved 1048576K
}
Event: 0.700 GC heap after
{Heap after GC invocations=2 (full 0):
 garbage-first heap   total 79872K, used 4570K [0x00000000b5600000, 0x0000000100000000)
  region size 1024K, 1 young (1024K), 1 survivors (1024K)
 Metaspace       used 6183K, committed 6336K, reserved 1056768K
  class space    used 744K, committed 832K, reserved 1048576K
}
Event: 1.703 GC heap before
{Heap before GC invocations=2 (full 0):
 garbage-first heap   total 79872K, used 49626K [0x00000000b5600000, 0x0000000100000000)
  region size 1024K, 45 young (46080K), 1 survivors (1024K)
 Metaspace       used 14623K, committed 14784K, reserved 1064960K
  class space    used 1787K, committed 1856K, reserved 1048576K
}
Event: 1.718 GC heap after
{Heap after GC invocations=3 (full 0):
 garbage-first heap   total 79872K, used 7967K [0x00000000b5600000, 0x0000000100000000)
  region size 1024K, 5 young (5120K), 5 survivors (5120K)
 Metaspace       used 14623K, committed 14784K, reserved 1064960K
  class space    used 1787K, committed 1856K, reserved 1048576K
}

Dll operation events (9 events):
Event: 0.001 Loaded shared library /usr/lib/jvm/java-17-openjdk-amd64/lib/libjava.so
Event: 0.001 Loaded shared library /usr/lib/jvm/java-17-openjdk-amd64/lib/libzip.so
Event: 0.008 Loaded shared library /usr/lib/jvm/java-17-openjdk-amd64/lib/libjsvml.so
Event: 0.023 Loaded shared library /usr/lib/jvm/java-17-openjdk-amd64/lib/libnio.so
Event: 0.025 Loaded shared library /usr/lib/jvm/java-17-openjdk-amd64/lib/libzip.so
Event: 0.106 Loaded shared library /usr/lib/jvm/java-17-openjdk-amd64/lib/libjimage.so
Event: 0.117 Loaded shared library /tmp/jansi-2.4.0-3849f24cfbaed31a-libjansi.so
Event: 0.125 Loaded shared library /usr/lib/jvm/java-17-openjdk-amd64/lib/libverify.so
Event: 1.583 Loaded shared library /usr/lib/jvm/java-17-openjdk-amd64/lib/libnet.so

Deoptimization events (20 events):
Event: 1.878 Thread 0x00007ff2c0013d10 Uncommon trap: trap_request=0xffffff45 fr.pc=0x00007ff2b0c33fe0 relative=0x0000000000000640
Event: 1.878 Thread 0x00007ff2c0013d10 Uncommon trap: reason=unstable_if action=reinterpret pc=0x00007ff2b0c33fe0 method=java.lang.AbstractStringBuilder.append(Ljava/lang/String;)Ljava/lang/AbstractStringBuilder; @ 1 c2
Event: 1.878 Thread 0x00007ff2c0013d10 DEOPT PACKING pc=0x00007ff2b0c33fe0 sp=0x00007ff2c4fae450
Event: 1.878 Thread 0x00007ff2c0013d10 DEOPT UNPACKING pc=0x00007ff2b06cb699 sp=0x00007ff2c4fae438 mode 2
Event: 1.946 Thread 0x00007ff2c0013d10 Uncommon trap: trap_request=0xffffff45 fr.pc=0x00007ff2b0ca0f10 relative=0x00000000000002d0
Event: 1.946 Thread 0x00007ff2c0013d10 Uncommon trap: reason=unstable_if action=reinterpret pc=0x00007ff2b0ca0f10 method=java.util.HashMap.getNode(Ljava/lang/Object;)Ljava/util/HashMap$Node; @ 66 c2
Event: 1.946 Thread 0x00007ff2c0013d10 DEOPT PACKING pc=0x00007ff2b0ca0f10 sp=0x00007ff2c4fad8c0
Event: 1.946 Thread 0x00007ff2c0013d10 DEOPT UNPACKING pc=0x00007ff2b06cb699 sp=0x00007ff2c4fad800 mode 2
Event: 1.946 Thread 0x00007ff2c0013d10 Uncommon trap: trap_request=0xffffff45 fr.pc=0x00007ff2b0cf6f14 relative=0x0000000000002054
Event: 1.946 Thread 0x00007ff2c0013d10 Uncommon trap: reason=unstable_if action=reinterpret pc=0x00007ff2b0cf6f14 method=java.util.HashMap.putVal(ILjava/lang/Object;Ljava/lang/Object;ZZ)Ljava/lang/Object; @ 94 c2
Event: 1.946 Thread 0x00007ff2c0013d10 DEOPT PACKING pc=0x00007ff2b0cf6f14 sp=0x00007ff2c4fad840
Event: 1.946 Thread 0x00007ff2c0013d10 DEOPT UNPACKING pc=0x00007ff2b06cb699 sp=0x00007ff2c4fad7f8 mode 2
Event: 1.951 Thread 0x00007ff2c0013d10 Uncommon trap: trap_request=0xffffff45 fr.pc=0x00007ff2b0c7f984 relative=0x0000000000000244
Event: 1.951 Thread 0x00007ff2c0013d10 Uncommon trap: reason=unstable_if action=reinterpret pc=0x00007ff2b0c7f984 method=java.util.HashMap.getNode(Ljava/lang/Object;)Ljava/util/HashMap$Node; @ 66 c2
Event: 1.951 Thread 0x00007ff2c0013d10 DEOPT PACKING pc=0x00007ff2b0c7f984 sp=0x00007ff2c4fad880
Event: 1.951 Thread 0x00007ff2c0013d10 DEOPT UNPACKING pc=0x00007ff2b06cb699 sp=0x00007ff2c4fad820 mode 2
Event: 1.963 Thread 0x00007ff2c0013d10 Uncommon trap: trap_request=0xffffff45 fr.pc=0x00007ff2b0c0d8ac relative=0x000000000000018c
Event: 1.963 Thread 0x00007ff2c0013d10 Uncommon trap: reason=unstable_if action=reinterpret pc=0x00007ff2b0c0d8ac method=java.util.zip.ZipFile$Source.isMetaName([BII)Z @ 43 c2
Event: 1.963 Thread 0x00007ff2c0013d10 DEOPT PACKING pc=0x00007ff2b0c0d8ac sp=0x00007ff2c4fad3e0
Event: 1.963 Thread 0x00007ff2c0013d10 DEOPT UNPACKING pc=0x00007ff2b06cb699 sp=0x00007ff2c4fad3a8 mode 2

Classes unloaded (0 events):
No events

Classes redefined (0 events):
No events

Internal exceptions (20 events):
Event: 0.374 Thread 0x00007ff2c0013d10 Exception <a 'java/lang/NoSuchMethodError'{0x00000000b95c5398}: 'java.lang.Object java.lang.invoke.Invokers$Holder.invokeExact_MT(java.lang.Object, java.lang.Object, java.lang.Object, java.lang.Object, java.lang.Object, java.lang.Object)'> (0x00000000b95c5398) 
thrown [src/hotspot/share/interpreter/linkResolver.cpp, line 758]
Event: 0.377 Thread 0x00007ff2c0013d10 Exception <a 'java/lang/NoSuchMethodError'{0x00000000b95da568}: 'int java.lang.invoke.DirectMethodHandle$Holder.invokeSpecialIFC(java.lang.Object, java.lang.Object, java.lang.Object, java.lang.Object, java.lang.Object)'> (0x00000000b95da568) 
thrown [src/hotspot/share/interpreter/linkResolver.cpp, line 758]
Event: 0.423 Thread 0x00007ff2c0013d10 Exception <a 'java/lang/NoSuchMethodError'{0x00000000ba0930f0}: 'java.lang.Object java.lang.invoke.DirectMethodHandle$Holder.newInvokeSpecial(java.lang.Object, java.lang.Object, java.lang.Object, java.lang.Object, java.lang.Object)'> (0x00000000ba0930f0) 
thrown [src/hotspot/share/interpreter/linkResolver.cpp, line 758]
Event: 0.449 Thread 0x00007ff2c0013d10 Exception <a 'java/lang/NoSuchMethodError'{0x00000000b9f8c2e8}: 'int java.lang.invoke.DirectMethodHandle$Holder.invokeStaticInit(java.lang.Object, java.lang.Object)'> (0x00000000b9f8c2e8) 
thrown [src/hotspot/share/interpreter/linkResolver.cpp, line 758]
Event: 0.456 Thread 0x00007ff2c0013d10 Exception <a 'java/lang/NoClassDefFoundError'{0x00000000b9fc5a18}: javax/enterprise/inject/Typed> (0x00000000b9fc5a18) 
thrown [src/hotspot/share/classfile/systemDictionary.cpp, line 245]
Event: 0.761 Thread 0x00007ff2c0013d10 Exception <a 'java/lang/NoSuchMethodError'{0x00000000b9ef5440}: 'java.lang.Object java.lang.invoke.DirectMethodHandle$Holder.invokeStaticInit(java.lang.Object)'> (0x00000000b9ef5440) 
thrown [src/hotspot/share/interpreter/linkResolver.cpp, line 758]
Event: 1.064 Thread 0x00007ff2c0013d10 Exception <a 'java/lang/NoSuchMethodError'{0x00000000b8fa3570}: 'void java.lang.invoke.DirectMethodHandle$Holder.invokeStatic(java.lang.Object, java.lang.Object, java.lang.Object)'> (0x00000000b8fa3570) 
thrown [src/hotspot/share/interpreter/linkResolver.cpp, line 758]
Event: 1.064 Thread 0x00007ff2c0013d10 Exception <a 'java/lang/NoSuchMethodError'{0x00000000b8fa6c80}: 'void java.lang.invoke.DirectMethodHandle$Holder.invokeStaticInit(java.lang.Object, java.lang.Object, java.lang.Object)'> (0x00000000b8fa6c80) 
thrown [src/hotspot/share/interpreter/linkResolver.cpp, line 758]
Event: 1.068 Thread 0x00007ff2c0013d10 Exception <a 'java/lang/ExceptionInInitializerError'{0x00000000b8fd1330}> (0x00000000b8fd1330) 
thrown [src/hotspot/share/oops/instanceKlass.cpp, line 1166]
Event: 1.088 Thread 0x00007ff2c0013d10 Implicit null exception at 0x00007ff2b0c8afaf to 0x00007ff2b0c8b10c
Event: 1.089 Thread 0x00007ff2c0013d10 Exception <a 'java/lang/NoSuchMethodError'{0x00000000b8dda298}: 'java.lang.Object java.lang.invoke.Invokers$Holder.invokeExact_MT(java.lang.Object, int, java.lang.Object)'> (0x00000000b8dda298) 
thrown [src/hotspot/share/interpreter/linkResolver.cpp, line 758]
Event: 1.098 Thread 0x00007ff2c0013d10 Exception <a 'java/lang/NoSuchMethodError'{0x00000000b8c38aa0}: 'void java.lang.invoke.DirectMethodHandle$Holder.invokeStatic(java.lang.Object, java.lang.Object)'> (0x00000000b8c38aa0) 
thrown [src/hotspot/share/interpreter/linkResolver.cpp, line 758]
Event: 1.100 Thread 0x00007ff2c0013d10 Exception <a 'java/lang/NoSuchMethodError'{0x00000000b8c48240}: 'int java.lang.invoke.DirectMethodHandle$Holder.invokeSpecial(java.lang.Object, java.lang.Object, java.lang.Object, java.lang.Object)'> (0x00000000b8c48240) 
thrown [src/hotspot/share/interpreter/linkResolver.cpp, line 758]
Event: 1.310 Thread 0x00007ff2c0013d10 Exception <a 'java/lang/NoClassDefFoundError'{0x00000000b85f4590}: com/google/inject/servlet/ServletModuleTargetVisitor> (0x00000000b85f4590) 
thrown [src/hotspot/share/classfile/systemDictionary.cpp, line 245]
Event: 1.365 Thread 0x00007ff2c0013d10 Exception <a 'java/lang/NoSuchMethodError'{0x00000000b83799b0}: 'void java.lang.invoke.DirectMethodHandle$Holder.invokeVirtual(java.lang.Object, java.lang.Object)'> (0x00000000b83799b0) 
thrown [src/hotspot/share/interpreter/linkResolver.cpp, line 758]
Event: 1.845 Thread 0x00007ff2c0013d10 Exception <a 'java/lang/NoSuchMethodError'{0x00000000b99db2f0}: 'int java.lang.invoke.DirectMethodHandle$Holder.invokeVirtual(java.lang.Object, java.lang.Object)'> (0x00000000b99db2f0) 
thrown [src/hotspot/share/interpreter/linkResolver.cpp, line 758]
Event: 1.846 Thread 0x00007ff2c0013d10 Exception <a 'java/lang/NoSuchMethodError'{0x00000000b99e12b8}: 'void java.lang.invoke.DirectMethodHandle$Holder.invokeSpecial(java.lang.Object, java.lang.Object, java.lang.Object, java.lang.Object, java.lang.Object)'> (0x00000000b99e12b8) 
thrown [src/hotspot/share/interpreter/linkResolver.cpp, line 758]
Event: 1.869 Thread 0x00007ff2c0013d10 Exception <a 'java/lang/NoSuchMethodError'{0x00000000b9751320}: 'int java.lang.invoke.DirectMethodHandle$Holder.invokeStatic(java.lang.Object, java.lang.Object, int)'> (0x00000000b9751320) 
thrown [src/hotspot/share/interpreter/linkResolver.cpp, line 758]
Event: 1.873 Thread 0x00007ff2c0013d10 Implicit null exception at 0x00007ff2b0c20a54 to 0x00007ff2b0c21058
Event: 1.878 Thread 0x00007ff2c0013d10 Implicit null exception at 0x00007ff2b0c339d4 to 0x00007ff2b0c33fc8

VM Operations (20 events):
Event: 1.551 Executing VM operation: HandshakeAllThreads
Event: 1.551 Executing VM operation: HandshakeAllThreads done
Event: 1.551 Executing VM operation: HandshakeAllThreads
Event: 1.551 Executing VM operation: HandshakeAllThreads done
Event: 1.662 Executing VM operation: ICBufferFull
Event: 1.662 Executing VM operation: ICBufferFull done
Event: 1.703 Executing VM operation: G1CollectForAllocation
Event: 1.718 Executing VM operation: G1CollectForAllocation done
Event: 1.763 Executing VM operation: HandshakeAllThreads
Event: 1.763 Executing VM operation: HandshakeAllThreads done
Event: 1.764 Executing VM operation: HandshakeAllThreads
Event: 1.764 Executing VM operation: HandshakeAllThreads done
Event: 1.764 Executing VM operation: HandshakeAllThreads
Event: 1.764 Executing VM operation: HandshakeAllThreads done
Event: 1.764 Executing VM operation: HandshakeAllThreads
Event: 1.764 Executing VM operation: HandshakeAllThreads done
Event: 1.856 Executing VM operation: HandshakeAllThreads
Event: 1.856 Executing VM operation: HandshakeAllThreads done
Event: 1.925 Executing VM operation: ICBufferFull
Event: 1.925 Executing VM operation: ICBufferFull done

Events (20 events):
Event: 1.994 loading class org/codehaus/plexus/languages/java/jpms/ManifestModuleNameExtractor
Event: 1.994 loading class org/codehaus/plexus/languages/java/jpms/ManifestModuleNameExtractor done
Event: 1.994 loading class org/codehaus/plexus/languages/java/jpms/ManifestModuleNameExtractor
Event: 1.994 loading class org/codehaus/plexus/languages/java/jpms/ManifestModuleNameExtractor done
Event: 1.995 loading class org/codehaus/plexus/languages/java/jpms/ResolvePathRequest
Event: 1.995 loading class org/codehaus/plexus/languages/java/jpms/ResolvePathRequest done
Event: 1.995 loading class org/codehaus/plexus/languages/java/jpms/ResolvePathRequest
Event: 1.995 loading class org/codehaus/plexus/languages/java/jpms/ResolvePathRequest done
Event: 1.995 loading class org/codehaus/plexus/languages/java/jpms/ResolvePathResult
Event: 1.995 loading class org/codehaus/plexus/languages/java/jpms/ResolvePathResult done
Event: 1.995 loading class org/codehaus/plexus/languages/java/jpms/ResolvePathResult
Event: 1.995 loading class org/codehaus/plexus/languages/java/jpms/ResolvePathResult done
Event: 1.996 loading class org/codehaus/plexus/languages/java/jpms/ResolvePathsRequest
Event: 1.996 loading class org/codehaus/plexus/languages/java/jpms/ResolvePathsRequest done
Event: 1.996 loading class org/codehaus/plexus/languages/java/jpms/ResolvePathsRequest
Event: 1.996 loading class org/codehaus/plexus/languages/java/jpms/ResolvePathsRequest done
Event: 2.006 loading class org/codehaus/plexus/component/annotations/Component
Event: 2.006 loading class org/codehaus/plexus/component/annotations/Component done
Event: 2.006 loading class org/codehaus/plexus/component/annotations/Component
Event: 2.006 loading class org/codehaus/plexus/component/annotations/Component done


Dynamic libraries:
b5600000-ba200000 rw-p 00000000 00:00 0 
ba200000-ffe00000 ---p 00000000 00:00 0 
ffe00000-ffe77000 rw-p 00c9f000 08:05 3688476                            /usr/lib/jvm/java-17-openjdk-amd64/lib/server/classes.jsa
ffe77000-fff00000 rw-p 00000000 00:00 0 
fff00000-fff83000 rw-p 00c1c000 08:05 3688476                            /usr/lib/jvm/java-17-openjdk-amd64/lib/server/classes.jsa
fff83000-100000000 rw-p 00000000 00:00 0 
800000000-800459000 rw-p 00001000 08:05 3688476                          /usr/lib/jvm/java-17-openjdk-amd64/lib/server/classes.jsa
800459000-800be3000 r--p 0045a000 08:05 3688476                          /usr/lib/jvm/java-17-openjdk-amd64/lib/server/classes.jsa
800be3000-800c00000 ---p 00000000 00:00 0 
800c00000-800c40000 rw-p 00000000 00:00 0 
800c40000-800c80000 rw-p 00000000 00:00 0 
800c80000-800dc0000 rw-p 00000000 00:00 0 
800dc0000-800dd0000 rw-p 00000000 00:00 0 
800dd0000-800e00000 ---p 00000000 00:00 0 
800e00000-800e30000 rw-p 00000000 00:00 0 
800e30000-840c00000 ---p 00000000 00:00 0 
558a7ad32000-558a7ad33000 r--p 00000000 08:05 3671313                    /usr/lib/jvm/java-17-openjdk-amd64/bin/java
558a7ad33000-558a7ad34000 r-xp 00001000 08:05 3671313                    /usr/lib/jvm/java-17-openjdk-amd64/bin/java
558a7ad34000-558a7ad35000 r--p 00002000 08:05 3671313                    /usr/lib/jvm/java-17-openjdk-amd64/bin/java
558a7ad35000-558a7ad36000 r--p 00002000 08:05 3671313                    /usr/lib/jvm/java-17-openjdk-amd64/bin/java
558a7ad36000-558a7ad37000 rw-p 00003000 08:05 3671313                    /usr/lib/jvm/java-17-openjdk-amd64/bin/java
558a7c628000-558a7c66e000 rw-p 00000000 00:00 0                          [heap]
7ff250000000-7ff250021000 rw-p 00000000 00:00 0 
7ff250021000-7ff254000000 ---p 00000000 00:00 0 
7ff254000000-7ff254021000 rw-p 00000000 00:00 0 
7ff254021000-7ff258000000 ---p 00000000 00:00 0 
7ff258000000-7ff258021000 rw-p 00000000 00:00 0 
7ff258021000-7ff25c000000 ---p 00000000 00:00 0 
7ff25c000000-7ff25c021000 rw-p 00000000 00:00 0 
7ff25c021000-7ff260000000 ---p 00000000 00:00 0 
7ff260000000-7ff260021000 rw-p 00000000 00:00 0 
7ff260021000-7ff264000000 ---p 00000000 00:00 0 
7ff264000000-7ff264021000 rw-p 00000000 00:00 0 
7ff264021000-7ff268000000 ---p 00000000 00:00 0 
7ff268000000-7ff268446000 rw-p 00000000 00:00 0 
7ff268446000-7ff26c000000 ---p 00000000 00:00 0 
7ff26c000000-7ff26c021000 rw-p 00000000 00:00 0 
7ff26c021000-7ff270000000 ---p 00000000 00:00 0 
7ff270000000-7ff270021000 rw-p 00000000 00:00 0 
7ff270021000-7ff274000000 ---p 00000000 00:00 0 
7ff274000000-7ff274bd9000 rw-p 00000000 00:00 0 
7ff274bd9000-7ff278000000 ---p 00000000 00:00 0 
7ff278000000-7ff278021000 rw-p 00000000 00:00 0 
7ff278021000-7ff27c000000 ---p 00000000 00:00 0 
7ff27c000000-7ff27c021000 rw-p 00000000 00:00 0 
7ff27c021000-7ff280000000 ---p 00000000 00:00 0 
7ff280000000-7ff280021000 rw-p 00000000 00:00 0 
7ff280021000-7ff284000000 ---p 00000000 00:00 0 
7ff284000000-7ff284021000 rw-p 00000000 00:00 0 
7ff284021000-7ff288000000 ---p 00000000 00:00 0 
7ff288000000-7ff288021000 rw-p 00000000 00:00 0 
7ff288021000-7ff28c000000 ---p 00000000 00:00 0 
7ff28d800000-7ff28ded0000 rw-p 00000000 00:00 0 
7ff28ded0000-7ff28e000000 ---p 00000000 00:00 0 
7ff28e34b000-7ff28e34c000 ---p 00000000 00:00 0 
7ff28e34c000-7ff28e44d000 rw-p 00000000 00:00 0 
7ff28e44d000-7ff28e44e000 ---p 00000000 00:00 0 
7ff28e44e000-7ff28e54f000 rw-p 00000000 00:00 0 
7ff28e54f000-7ff28e550000 ---p 00000000 00:00 0 
7ff28e550000-7ff28e651000 rw-p 00000000 00:00 0 
7ff28e651000-7ff28e654000 r-xp 00000000 08:05 4858532                    /tmp/jansi-2.4.0-3849f24cfbaed31a-libjansi.so
7ff28e654000-7ff28e853000 ---p 00003000 08:05 4858532                    /tmp/jansi-2.4.0-3849f24cfbaed31a-libjansi.so
7ff28e853000-7ff28e854000 rw-p 00002000 08:05 4858532                    /tmp/jansi-2.4.0-3849f24cfbaed31a-libjansi.so
7ff28e854000-7ff28e885000 rw-p 00000000 00:00 0 
7ff28e885000-7ff28e889000 ---p 00000000 00:00 0 
7ff28e889000-7ff28e986000 rw-p 00000000 00:00 0 
7ff28e986000-7ff28e987000 ---p 00000000 00:00 0 
7ff28e987000-7ff28ea88000 rw-p 00000000 00:00 0 
7ff28ea88000-7ff28ea8c000 ---p 00000000 00:00 0 
7ff28ea8c000-7ff28eb89000 rw-p 00000000 00:00 0 
7ff28eb89000-7ff28eb8d000 ---p 00000000 00:00 0 
7ff28eb8d000-7ff28ec8a000 rw-p 00000000 00:00 0 
7ff28ec8a000-7ff28ec8e000 ---p 00000000 00:00 0 
7ff28ec8e000-7ff28ed8b000 rw-p 00000000 00:00 0 
7ff28ed8b000-7ff28ed8f000 ---p 00000000 00:00 0 
7ff28ed8f000-7ff28ee8c000 rw-p 00000000 00:00 0 
7ff28ee8c000-7ff28ee90000 ---p 00000000 00:00 0 
7ff28ee90000-7ff28ef8d000 rw-p 00000000 00:00 0 
7ff28ef8d000-7ff28ef91000 ---p 00000000 00:00 0 
7ff28ef91000-7ff28f08e000 rw-p 00000000 00:00 0 
7ff28f08e000-7ff28f092000 ---p 00000000 00:00 0 
7ff28f092000-7ff28f18f000 rw-p 00000000 00:00 0 
7ff28f18f000-7ff28f6ff000 r--p 00000000 08:05 3539971                    /usr/lib/locale/locale-archive
7ff28f6ff000-7ff28f703000 ---p 00000000 00:00 0 
7ff28f703000-7ff28fb50000 rw-p 00000000 00:00 0 
7ff28fb50000-7ff28fc00000 ---p 00000000 00:00 0 
7ff28fc00000-7ff290000000 rw-p 00000000 00:00 0 
7ff290000000-7ff290021000 rw-p 00000000 00:00 0 
7ff290021000-7ff294000000 ---p 00000000 00:00 0 
7ff294000000-7ff294021000 rw-p 00000000 00:00 0 
7ff294021000-7ff298000000 ---p 00000000 00:00 0 
7ff298000000-7ff298021000 rw-p 00000000 00:00 0 
7ff298021000-7ff29c000000 ---p 00000000 00:00 0 
7ff29c000000-7ff29c021000 rw-p 00000000 00:00 0 
7ff29c021000-7ff2a0000000 ---p 00000000 00:00 0 
7ff2a0000000-7ff2a0021000 rw-p 00000000 00:00 0 
7ff2a0021000-7ff2a4000000 ---p 00000000 00:00 0 
7ff2a4004000-7ff2a4008000 r--p 00000000 08:05 3688452                    /usr/lib/jvm/java-17-openjdk-amd64/lib/libnet.so
7ff2a4008000-7ff2a4016000 r-xp 00004000 08:05 3688452                    /usr/lib/jvm/java-17-openjdk-amd64/lib/libnet.so
7ff2a4016000-7ff2a401a000 r--p 00012000 08:05 3688452                    /usr/lib/jvm/java-17-openjdk-amd64/lib/libnet.so
7ff2a401a000-7ff2a401b000 r--p 00015000 08:05 3688452                    /usr/lib/jvm/java-17-openjdk-amd64/lib/libnet.so
7ff2a401b000-7ff2a401c000 rw-p 00016000 08:05 3688452                    /usr/lib/jvm/java-17-openjdk-amd64/lib/libnet.so
7ff2a401c000-7ff2a4022000 r--p 00000000 08:05 3688454                    /usr/lib/jvm/java-17-openjdk-amd64/lib/libnio.so
7ff2a4022000-7ff2a402b000 r-xp 00006000 08:05 3688454                    /usr/lib/jvm/java-17-openjdk-amd64/lib/libnio.so
7ff2a402b000-7ff2a402f000 r--p 0000f000 08:05 3688454                    /usr/lib/jvm/java-17-openjdk-amd64/lib/libnio.so
7ff2a402f000-7ff2a4030000 ---p 00013000 08:05 3688454                    /usr/lib/jvm/java-17-openjdk-amd64/lib/libnio.so
7ff2a4030000-7ff2a4031000 r--p 00013000 08:05 3688454                    /usr/lib/jvm/java-17-openjdk-amd64/lib/libnio.so
7ff2a4031000-7ff2a4032000 rw-p 00014000 08:05 3688454                    /usr/lib/jvm/java-17-openjdk-amd64/lib/libnio.so
7ff2a4032000-7ff2a4036000 ---p 00000000 00:00 0 
7ff2a4036000-7ff2a4133000 rw-p 00000000 00:00 0 
7ff2a4133000-7ff2a4134000 ---p 00000000 00:00 0 
7ff2a4134000-7ff2a4235000 rw-p 00000000 00:00 0 
7ff2a4235000-7ff2a423a000 r--p 00000000 08:05 3688440                    /usr/lib/jvm/java-17-openjdk-amd64/lib/libjsvml.so
7ff2a423a000-7ff2a427b000 r-xp 00005000 08:05 3688440                    /usr/lib/jvm/java-17-openjdk-amd64/lib/libjsvml.so
7ff2a427b000-7ff2a4304000 r--p 00046000 08:05 3688440                    /usr/lib/jvm/java-17-openjdk-amd64/lib/libjsvml.so
7ff2a4304000-7ff2a4305000 r--p 000ce000 08:05 3688440                    /usr/lib/jvm/java-17-openjdk-amd64/lib/libjsvml.so
7ff2a4305000-7ff2a4306000 rw-p 000cf000 08:05 3688440                    /usr/lib/jvm/java-17-openjdk-amd64/lib/libjsvml.so
7ff2a4306000-7ff2a43e2000 rw-p 00000000 00:00 0 
7ff2a43e2000-7ff2a43e3000 ---p 00000000 00:00 0 
7ff2a43e3000-7ff2a44e4000 rw-p 00000000 00:00 0 
7ff2a44e4000-7ff2a44e5000 ---p 00000000 00:00 0 
7ff2a44e5000-7ff2a69ea000 rw-p 00000000 00:00 0 
7ff2a69ea000-7ff2a69eb000 ---p 00000000 00:00 0 
7ff2a69eb000-7ff2a6aec000 rw-p 00000000 00:00 0 
7ff2a6aec000-7ff2a6aed000 ---p 00000000 00:00 0 
7ff2a6aed000-7ff2a6d1e000 rw-p 00000000 00:00 0 
7ff2a6d1e000-7ff2a7e8e000 ---p 00000000 00:00 0 
7ff2a7e8e000-7ff2a7fc6000 rw-p 00000000 00:00 0 
7ff2a7fc6000-7ff2a9136000 ---p 00000000 00:00 0 
7ff2a9136000-7ff2a913e000 rw-p 00000000 00:00 0 
7ff2a913e000-7ff2a975e000 rwxp 00000000 00:00 0 
7ff2a975e000-7ff2b0675000 ---p 00000000 00:00 0 
7ff2b0675000-7ff2b08e5000 rwxp 00000000 00:00 0 
7ff2b08e5000-7ff2b0c06000 ---p 00000000 00:00 0 
7ff2b0c06000-7ff2b0e76000 rwxp 00000000 00:00 0 
7ff2b0e76000-7ff2b813e000 ---p 00000000 00:00 0 
7ff2b813e000-7ff2c0000000 r--s 00000000 08:05 3688470                    /usr/lib/jvm/java-17-openjdk-amd64/lib/modules
7ff2c0000000-7ff2c0a42000 rw-p 00000000 00:00 0 
7ff2c0a42000-7ff2c4000000 ---p 00000000 00:00 0 
7ff2c4000000-7ff2c4004000 r--p 00000000 08:05 3688466                    /usr/lib/jvm/java-17-openjdk-amd64/lib/libverify.so
7ff2c4004000-7ff2c400b000 r-xp 00004000 08:05 3688466                    /usr/lib/jvm/java-17-openjdk-amd64/lib/libverify.so
7ff2c400b000-7ff2c400d000 r--p 0000b000 08:05 3688466                    /usr/lib/jvm/java-17-openjdk-amd64/lib/libverify.so
7ff2c400d000-7ff2c400e000 ---p 0000d000 08:05 3688466                    /usr/lib/jvm/java-17-openjdk-amd64/lib/libverify.so
7ff2c400e000-7ff2c4010000 r--p 0000d000 08:05 3688466                    /usr/lib/jvm/java-17-openjdk-amd64/lib/libverify.so
7ff2c4010000-7ff2c4011000 rw-p 0000f000 08:05 3688466                    /usr/lib/jvm/java-17-openjdk-amd64/lib/libverify.so
7ff2c4011000-7ff2c4052000 rw-p 00000000 00:00 0 
7ff2c4052000-7ff2c4053000 ---p 00000000 00:00 0 
7ff2c4053000-7ff2c41a2000 rw-p 00000000 00:00 0 
7ff2c41a2000-7ff2c43d0000 ---p 00000000 00:00 0 
7ff2c43d0000-7ff2c43f7000 rw-p 00000000 00:00 0 
7ff2c43f7000-7ff2c4625000 ---p 00000000 00:00 0 
7ff2c4625000-7ff2c464c000 rw-p 00000000 00:00 0 
7ff2c464c000-7ff2c487a000 ---p 00000000 00:00 0 
7ff2c487a000-7ff2c4c84000 rw-p 00000000 00:00 0 
7ff2c4c84000-7ff2c4d6a000 ---p 00000000 00:00 0 
7ff2c4d6a000-7ff2c4d77000 rw-p 00000000 00:00 0 
7ff2c4d77000-7ff2c4e55000 ---p 00000000 00:00 0 
7ff2c4e55000-7ff2c4e61000 r--p 00000000 08:05 3688426                    /usr/lib/jvm/java-17-openjdk-amd64/lib/libjava.so
7ff2c4e61000-7ff2c4e74000 r-xp 0000c000 08:05 3688426                    /usr/lib/jvm/java-17-openjdk-amd64/lib/libjava.so
7ff2c4e74000-7ff2c4e7a000 r--p 0001f000 08:05 3688426                    /usr/lib/jvm/java-17-openjdk-amd64/lib/libjava.so
7ff2c4e7a000-7ff2c4e7b000 ---p 00025000 08:05 3688426                    /usr/lib/jvm/java-17-openjdk-amd64/lib/libjava.so
7ff2c4e7b000-7ff2c4e7c000 r--p 00025000 08:05 3688426                    /usr/lib/jvm/java-17-openjdk-amd64/lib/libjava.so
7ff2c4e7c000-7ff2c4e7d000 rw-p 00026000 08:05 3688426                    /usr/lib/jvm/java-17-openjdk-amd64/lib/libjava.so
7ff2c4e7d000-7ff2c4e7e000 rw-p 00000000 00:00 0 
7ff2c4e7e000-7ff2c4e81000 r--p 00000000 08:05 3543133                    /usr/lib/x86_64-linux-gnu/libnss_files-2.31.so
7ff2c4e81000-7ff2c4e88000 r-xp 00003000 08:05 3543133                    /usr/lib/x86_64-linux-gnu/libnss_files-2.31.so
7ff2c4e88000-7ff2c4e8a000 r--p 0000a000 08:05 3543133                    /usr/lib/x86_64-linux-gnu/libnss_files-2.31.so
7ff2c4e8a000-7ff2c4e8b000 r--p 0000b000 08:05 3543133                    /usr/lib/x86_64-linux-gnu/libnss_files-2.31.so
7ff2c4e8b000-7ff2c4e8c000 rw-p 0000c000 08:05 3543133                    /usr/lib/x86_64-linux-gnu/libnss_files-2.31.so
7ff2c4e8c000-7ff2c4e92000 rw-p 00000000 00:00 0 
7ff2c4e9b000-7ff2c4ea2000 r--s 00000000 08:05 4070806                    /usr/lib/x86_64-linux-gnu/gconv/gconv-modules.cache
7ff2c4ea2000-7ff2c4ea7000 rw-p 00000000 00:00 0 
7ff2c4ea7000-7ff2c4eae000 ---p 00000000 00:00 0 
7ff2c4eae000-7ff2c4eb0000 r--s 0000c000 08:05 4197168                    /usr/share/java/java-atk-wrapper.jar
7ff2c4eb0000-7ff2c4eb4000 ---p 00000000 00:00 0 
7ff2c4eb4000-7ff2c4fb1000 rw-p 00000000 00:00 0 
7ff2c4fb1000-7ff2c4fb4000 r--p 00000000 08:05 3542606                    /usr/lib/x86_64-linux-gnu/libgcc_s.so.1
7ff2c4fb4000-7ff2c4fc6000 r-xp 00003000 08:05 3542606                    /usr/lib/x86_64-linux-gnu/libgcc_s.so.1
7ff2c4fc6000-7ff2c4fca000 r--p 00015000 08:05 3542606                    /usr/lib/x86_64-linux-gnu/libgcc_s.so.1
7ff2c4fca000-7ff2c4fcb000 r--p 00018000 08:05 3542606                    /usr/lib/x86_64-linux-gnu/libgcc_s.so.1
7ff2c4fcb000-7ff2c4fcc000 rw-p 00019000 08:05 3542606                    /usr/lib/x86_64-linux-gnu/libgcc_s.so.1
7ff2c4fcc000-7ff2c4fd9000 r--p 00000000 08:05 3543120                    /usr/lib/x86_64-linux-gnu/libm-2.31.so
7ff2c4fd9000-7ff2c5080000 r-xp 0000d000 08:05 3543120                    /usr/lib/x86_64-linux-gnu/libm-2.31.so
7ff2c5080000-7ff2c5119000 r--p 000b4000 08:05 3543120                    /usr/lib/x86_64-linux-gnu/libm-2.31.so
7ff2c5119000-7ff2c511a000 r--p 0014c000 08:05 3543120                    /usr/lib/x86_64-linux-gnu/libm-2.31.so
7ff2c511a000-7ff2c511b000 rw-p 0014d000 08:05 3543120                    /usr/lib/x86_64-linux-gnu/libm-2.31.so
7ff2c511b000-7ff2c51b1000 r--p 00000000 08:05 3541952                    /usr/lib/x86_64-linux-gnu/libstdc++.so.6.0.28
7ff2c51b1000-7ff2c52a2000 r-xp 00096000 08:05 3541952                    /usr/lib/x86_64-linux-gnu/libstdc++.so.6.0.28
7ff2c52a2000-7ff2c52eb000 r--p 00187000 08:05 3541952                    /usr/lib/x86_64-linux-gnu/libstdc++.so.6.0.28
7ff2c52eb000-7ff2c52ec000 ---p 001d0000 08:05 3541952                    /usr/lib/x86_64-linux-gnu/libstdc++.so.6.0.28
7ff2c52ec000-7ff2c52f7000 r--p 001d0000 08:05 3541952                    /usr/lib/x86_64-linux-gnu/libstdc++.so.6.0.28
7ff2c52f7000-7ff2c52fa000 rw-p 001db000 08:05 3541952                    /usr/lib/x86_64-linux-gnu/libstdc++.so.6.0.28
7ff2c52fa000-7ff2c52fd000 rw-p 00000000 00:00 0 
7ff2c52fd000-7ff2c554d000 r--p 00000000 08:05 3688482                    /usr/lib/jvm/java-17-openjdk-amd64/lib/server/libjvm.so
7ff2c554d000-7ff2c62de000 r-xp 00250000 08:05 3688482                    /usr/lib/jvm/java-17-openjdk-amd64/lib/server/libjvm.so
7ff2c62de000-7ff2c6564000 r--p 00fe1000 08:05 3688482                    /usr/lib/jvm/java-17-openjdk-amd64/lib/server/libjvm.so
7ff2c6564000-7ff2c6565000 ---p 01267000 08:05 3688482                    /usr/lib/jvm/java-17-openjdk-amd64/lib/server/libjvm.so
7ff2c6565000-7ff2c661d000 r--p 01267000 08:05 3688482                    /usr/lib/jvm/java-17-openjdk-amd64/lib/server/libjvm.so
7ff2c661d000-7ff2c6652000 rw-p 0131f000 08:05 3688482                    /usr/lib/jvm/java-17-openjdk-amd64/lib/server/libjvm.so
7ff2c6652000-7ff2c66ad000 rw-p 00000000 00:00 0 
7ff2c66ad000-7ff2c66b3000 r--p 00000000 08:05 3543138                    /usr/lib/x86_64-linux-gnu/libpthread-2.31.so
7ff2c66b3000-7ff2c66c4000 r-xp 00006000 08:05 3543138                    /usr/lib/x86_64-linux-gnu/libpthread-2.31.so
7ff2c66c4000-7ff2c66ca000 r--p 00017000 08:05 3543138                    /usr/lib/x86_64-linux-gnu/libpthread-2.31.so
7ff2c66ca000-7ff2c66cb000 r--p 0001c000 08:05 3543138                    /usr/lib/x86_64-linux-gnu/libpthread-2.31.so
7ff2c66cb000-7ff2c66cc000 rw-p 0001d000 08:05 3543138                    /usr/lib/x86_64-linux-gnu/libpthread-2.31.so
7ff2c66cc000-7ff2c66d0000 rw-p 00000000 00:00 0 
7ff2c66d0000-7ff2c66d1000 r--p 00000000 08:05 3543118                    /usr/lib/x86_64-linux-gnu/libdl-2.31.so
7ff2c66d1000-7ff2c66d3000 r-xp 00001000 08:05 3543118                    /usr/lib/x86_64-linux-gnu/libdl-2.31.so
7ff2c66d3000-7ff2c66d4000 r--p 00003000 08:05 3543118                    /usr/lib/x86_64-linux-gnu/libdl-2.31.so
7ff2c66d4000-7ff2c66d5000 r--p 00003000 08:05 3543118                    /usr/lib/x86_64-linux-gnu/libdl-2.31.so
7ff2c66d5000-7ff2c66d6000 rw-p 00004000 08:05 3543118                    /usr/lib/x86_64-linux-gnu/libdl-2.31.so
7ff2c66d6000-7ff2c66d8000 r--p 00000000 08:05 3539004                    /usr/lib/x86_64-linux-gnu/libz.so.1.2.11
7ff2c66d8000-7ff2c66e9000 r-xp 00002000 08:05 3539004                    /usr/lib/x86_64-linux-gnu/libz.so.1.2.11
7ff2c66e9000-7ff2c66ef000 r--p 00013000 08:05 3539004                    /usr/lib/x86_64-linux-gnu/libz.so.1.2.11
7ff2c66ef000-7ff2c66f0000 ---p 00019000 08:05 3539004                    /usr/lib/x86_64-linux-gnu/libz.so.1.2.11
7ff2c66f0000-7ff2c66f1000 r--p 00019000 08:05 3539004                    /usr/lib/x86_64-linux-gnu/libz.so.1.2.11
7ff2c66f1000-7ff2c66f2000 rw-p 0001a000 08:05 3539004                    /usr/lib/x86_64-linux-gnu/libz.so.1.2.11
7ff2c66f2000-7ff2c6714000 r--p 00000000 08:05 3543093                    /usr/lib/x86_64-linux-gnu/libc-2.31.so
7ff2c6714000-7ff2c688c000 r-xp 00022000 08:05 3543093                    /usr/lib/x86_64-linux-gnu/libc-2.31.so
7ff2c688c000-7ff2c68da000 r--p 0019a000 08:05 3543093                    /usr/lib/x86_64-linux-gnu/libc-2.31.so
7ff2c68da000-7ff2c68de000 r--p 001e7000 08:05 3543093                    /usr/lib/x86_64-linux-gnu/libc-2.31.so
7ff2c68de000-7ff2c68e0000 rw-p 001eb000 08:05 3543093                    /usr/lib/x86_64-linux-gnu/libc-2.31.so
7ff2c68e0000-7ff2c68e4000 rw-p 00000000 00:00 0 
7ff2c68e4000-7ff2c68e6000 r--p 00000000 08:05 3688468                    /usr/lib/jvm/java-17-openjdk-amd64/lib/libzip.so
7ff2c68e6000-7ff2c68eb000 r-xp 00002000 08:05 3688468                    /usr/lib/jvm/java-17-openjdk-amd64/lib/libzip.so
7ff2c68eb000-7ff2c68ed000 r--p 00007000 08:05 3688468                    /usr/lib/jvm/java-17-openjdk-amd64/lib/libzip.so
7ff2c68ed000-7ff2c68ee000 r--p 00008000 08:05 3688468                    /usr/lib/jvm/java-17-openjdk-amd64/lib/libzip.so
7ff2c68ee000-7ff2c68ef000 rw-p 00009000 08:05 3688468                    /usr/lib/jvm/java-17-openjdk-amd64/lib/libzip.so
7ff2c68ef000-7ff2c68f7000 rw-s 00000000 08:05 4858528                    /tmp/hsperfdata_sandeep/14266
7ff2c68f7000-7ff2c68f8000 ---p 00000000 00:00 0 
7ff2c68f8000-7ff2c68f9000 r--p 00000000 00:00 0 
7ff2c68f9000-7ff2c68fb000 r--p 00000000 08:05 3688432                    /usr/lib/jvm/java-17-openjdk-amd64/lib/libjimage.so
7ff2c68fb000-7ff2c68fe000 r-xp 00002000 08:05 3688432                    /usr/lib/jvm/java-17-openjdk-amd64/lib/libjimage.so
7ff2c68fe000-7ff2c68ff000 r--p 00005000 08:05 3688432                    /usr/lib/jvm/java-17-openjdk-amd64/lib/libjimage.so
7ff2c68ff000-7ff2c6900000 ---p 00006000 08:05 3688432                    /usr/lib/jvm/java-17-openjdk-amd64/lib/libjimage.so
7ff2c6900000-7ff2c6901000 r--p 00006000 08:05 3688432                    /usr/lib/jvm/java-17-openjdk-amd64/lib/libjimage.so
7ff2c6901000-7ff2c6902000 rw-p 00007000 08:05 3688432                    /usr/lib/jvm/java-17-openjdk-amd64/lib/libjimage.so
7ff2c6902000-7ff2c6904000 r--p 00000000 08:05 3688434                    /usr/lib/jvm/java-17-openjdk-amd64/lib/libjli.so
7ff2c6904000-7ff2c690e000 r-xp 00002000 08:05 3688434                    /usr/lib/jvm/java-17-openjdk-amd64/lib/libjli.so
7ff2c690e000-7ff2c6911000 r--p 0000c000 08:05 3688434                    /usr/lib/jvm/java-17-openjdk-amd64/lib/libjli.so
7ff2c6911000-7ff2c6912000 ---p 0000f000 08:05 3688434                    /usr/lib/jvm/java-17-openjdk-amd64/lib/libjli.so
7ff2c6912000-7ff2c6913000 r--p 0000f000 08:05 3688434                    /usr/lib/jvm/java-17-openjdk-amd64/lib/libjli.so
7ff2c6913000-7ff2c6914000 rw-p 00010000 08:05 3688434                    /usr/lib/jvm/java-17-openjdk-amd64/lib/libjli.so
7ff2c6914000-7ff2c6916000 rw-p 00000000 00:00 0 
7ff2c6916000-7ff2c6917000 r--p 00000000 08:05 3542938                    /usr/lib/x86_64-linux-gnu/ld-2.31.so
7ff2c6917000-7ff2c693a000 r-xp 00001000 08:05 3542938                    /usr/lib/x86_64-linux-gnu/ld-2.31.so
7ff2c693a000-7ff2c6942000 r--p 00024000 08:05 3542938                    /usr/lib/x86_64-linux-gnu/ld-2.31.so
7ff2c6942000-7ff2c6943000 ---p 00000000 00:00 0 
7ff2c6943000-7ff2c6944000 r--p 0002c000 08:05 3542938                    /usr/lib/x86_64-linux-gnu/ld-2.31.so
7ff2c6944000-7ff2c6945000 rw-p 0002d000 08:05 3542938                    /usr/lib/x86_64-linux-gnu/ld-2.31.so
7ff2c6945000-7ff2c6946000 rw-p 00000000 00:00 0 
7ffd345df000-7ffd34601000 rw-p 00000000 00:00 0                          [stack]
7ffd347cd000-7ffd347d1000 r--p 00000000 00:00 0                          [vvar]
7ffd347d1000-7ffd347d3000 r-xp 00000000 00:00 0                          [vdso]
ffffffffff600000-ffffffffff601000 --xp 00000000 00:00 0                  [vsyscall]


VM Arguments:
jvm_args: -Dclassworlds.conf=/opt/maven/bin/m2.conf -Dmaven.home=/opt/maven -Dlibrary.jansi.path=/opt/maven/lib/jansi-native -Dmaven.multiModuleProjectDirectory=/home/sandeep/IdeaProjects/MavenPro1 
java_command: org.codehaus.plexus.classworlds.launcher.Launcher test
java_class_path (initial): /opt/maven/boot/plexus-classworlds-2.6.0.jar
Launcher Type: SUN_STANDARD

[Global flags]
     intx CICompilerCount                          = 3                                         {product} {ergonomic}
     uint ConcGCThreads                            = 1                                         {product} {ergonomic}
     uint G1ConcRefinementThreads                  = 4                                         {product} {ergonomic}
   size_t G1HeapRegionSize                         = 1048576                                   {product} {ergonomic}
    uintx GCDrainStackTargetSize                   = 64                                        {product} {ergonomic}
   size_t InitialHeapSize                          = 79691776                                  {product} {ergonomic}
   size_t MarkStackSize                            = 4194304                                   {product} {ergonomic}
   size_t MaxHeapSize                              = 1251999744                                {product} {ergonomic}
   size_t MaxNewSize                               = 750780416                                 {product} {ergonomic}
   size_t MinHeapDeltaBytes                        = 1048576                                   {product} {ergonomic}
   size_t MinHeapSize                              = 8388608                                   {product} {ergonomic}
    uintx NonNMethodCodeHeapSize                   = 5832780                                {pd product} {ergonomic}
    uintx NonProfiledCodeHeapSize                  = 122912730                              {pd product} {ergonomic}
    uintx ProfiledCodeHeapSize                     = 122912730                              {pd product} {ergonomic}
    uintx ReservedCodeCacheSize                    = 251658240                              {pd product} {ergonomic}
     bool SegmentedCodeCache                       = true                                      {product} {ergonomic}
   size_t SoftMaxHeapSize                          = 1251999744                             {manageable} {ergonomic}
     bool UseCompressedClassPointers               = true                           {product lp64_product} {ergonomic}
     bool UseCompressedOops                        = true                           {product lp64_product} {ergonomic}
     bool UseG1GC                                  = true                                      {product} {ergonomic}

Logging:
Log output configuration:
 #0: stdout all=warning uptime,level,tags
 #1: stderr all=off uptime,level,tags

Environment Variables:
JAVA_HOME=/usr/lib/jvm/java-17-openjdk-amd64
PATH=/home/sandeep/.local/bin:/opt/maven/bin:/usr/local/sbin:/usr/local/bin:/usr/sbin:/usr/bin:/sbin:/bin:/usr/games:/usr/local/games:/snap/bin:/usr/lib/jvm/java-11-openjdk-amd64/bin:/usr/lib/jvm/java-17-openjdk-amd64/bin
USERNAME=sandeep
SHELL=/bin/bash
DISPLAY=:0
LANG=en_IN
TERM=xterm-256color

Signal Handlers:
   SIGSEGV: 0x00007ff2c625cf60 in libjvm.so+16121696, mask=11100100010111111101111111111110, flags=SA_RESTART|SA_SIGINFO
    SIGBUS: 0x00007ff2c625cf60 in libjvm.so+16121696, mask=11100100010111111101111111111110, flags=SA_RESTART|SA_SIGINFO
    SIGFPE: 0x00007ff2c625cf60 in libjvm.so+16121696, mask=11100100010111111101111111111110, flags=SA_RESTART|SA_SIGINFO
   SIGPIPE: 0x00007ff2c60fb560 in libjvm.so+14673248, mask=11100100010111111101111111111110, flags=SA_RESTART|SA_SIGINFO
   SIGXFSZ: 0x00007ff2c60fb560 in libjvm.so+14673248, mask=11100100010111111101111111111110, flags=SA_RESTART|SA_SIGINFO
    SIGILL: 0x00007ff2c625cf60 in libjvm.so+16121696, mask=11100100010111111101111111111110, flags=SA_RESTART|SA_SIGINFO
   SIGUSR2: 0x00007ff2c60fabe0 in libjvm.so+14670816, mask=00100000000000000000000000000000, flags=SA_RESTART|SA_SIGINFO
    SIGHUP: 0x00007ff2c60fab20 in libjvm.so+14670624, mask=11100100010111111101111111111110, flags=SA_RESTART|SA_SIGINFO
    SIGINT: 0x00007ff2c60fab20 in libjvm.so+14670624, mask=11100100010111111101111111111110, flags=SA_RESTART|SA_SIGINFO
   SIGTERM: 0x00007ff2c60fab20 in libjvm.so+14670624, mask=11100100010111111101111111111110, flags=SA_RESTART|SA_SIGINFO
   SIGQUIT: 0x00007ff2c60fab20 in libjvm.so+14670624, mask=11100100010111111101111111111110, flags=SA_RESTART|SA_SIGINFO
   SIGTRAP: 0x00007ff2c625cf60 in libjvm.so+16121696, mask=11100100010111111101111111111110, flags=SA_RESTART|SA_SIGINFO


---------------  S Y S T E M  ---------------

OS:
DISTRIB_ID=Ubuntu
DISTRIB_RELEASE=20.04
DISTRIB_CODENAME=focal
DISTRIB_DESCRIPTION="Ubuntu 20.04.5 LTS"
uname: Linux 5.15.0-67-generic #74~20.04.1-Ubuntu SMP Wed Feb 22 14:52:34 UTC 2023 x86_64
OS uptime: 0 days 1:33 hours
libc: glibc 2.31 NPTL 2.31 
rlimit (soft/hard): STACK 8192k/infinity , CORE 0k/infinity , NPROC 18777/18777 , NOFILE 1048576/1048576 , AS infinity/infinity , CPU infinity/infinity , DATA infinity/infinity , FSIZE infinity/infinity , MEMLOCK 65536k/65536k
load average: 1.48 1.60 1.72

/proc/meminfo:
MemTotal:        4888148 kB
MemFree:          117088 kB
MemAvailable:     783808 kB
Buffers:           28868 kB
Cached:           864384 kB
SwapCached:        56992 kB
Active:          1272476 kB
Inactive:        3151796 kB
Active(anon):     862520 kB
Inactive(anon):  2736992 kB
Active(file):     409956 kB
Inactive(file):   414804 kB
Unevictable:          16 kB
Mlocked:              16 kB
SwapTotal:       2097148 kB
SwapFree:           2900 kB
Dirty:             22256 kB
Writeback:             0 kB
AnonPages:       3474168 kB
Mapped:           299504 kB
Shmem:             69712 kB
KReclaimable:      95960 kB
Slab:             202256 kB
SReclaimable:      95960 kB
SUnreclaim:       106296 kB
KernelStack:       21056 kB
PageTables:        45924 kB
NFS_Unstable:          0 kB
Bounce:                0 kB
WritebackTmp:          0 kB
CommitLimit:     4541220 kB
Committed_AS:   11226332 kB
VmallocTotal:   34359738367 kB
VmallocUsed:       54380 kB
VmallocChunk:          0 kB
Percpu:             4224 kB
HardwareCorrupted:     0 kB
AnonHugePages:         0 kB
ShmemHugePages:        0 kB
ShmemPmdMapped:        0 kB
FileHugePages:         0 kB
FilePmdMapped:         0 kB
HugePages_Total:       0
HugePages_Free:        0
HugePages_Rsvd:        0
HugePages_Surp:        0
Hugepagesize:       2048 kB
Hugetlb:               0 kB
DirectMap4k:      300992 kB
DirectMap2M:     4784128 kB

/sys/kernel/mm/transparent_hugepage/enabled: always [madvise] never
/sys/kernel/mm/transparent_hugepage/defrag (defrag/compaction efforts parameter): always defer defer+madvise [madvise] never

Process Memory:
Virtual Size: 4198788K (peak: 4202856K)
Resident Set Size: 139372K (peak: 140600K) (anon: 109320K, file: 30052K, shmem: 0K)
Swapped out: 0K
C-Heap outstanding allocations: 35843K, retained: 3401K
glibc malloc tunables: (default)

/proc/sys/kernel/threads-max (system-wide limit on the number of threads): 37555
/proc/sys/vm/max_map_count (maximum number of memory map areas a process may have): 65530
/proc/sys/kernel/pid_max (system-wide limit on number of process identifiers): 4194304

container (cgroup) information:
container_type: cgroupv1
cpu_cpuset_cpus: 0-3
cpu_memory_nodes: 0
active_processor_count: 4
cpu_quota: no quota
cpu_period: 100000
cpu_shares: no shares
memory_limit_in_bytes: unlimited
memory_and_swap_limit_in_bytes: unlimited
memory_soft_limit_in_bytes: unlimited
memory_usage_in_bytes: 3821040 k
memory_max_usage_in_bytes: 3865740 k
kernel_memory_usage_in_bytes: 109528 k
kernel_memory_max_usage_in_bytes: unlimited
kernel_memory_limit_in_bytes: 124520 k
maximum number of tasks: unlimited
current number of tasks: 961

KVM virtualization detected
Steal ticks since vm start: 0
Steal ticks percentage since vm start:  0.000

CPU: total 4 (initial active 4) (4 cores per cpu, 1 threads per core) family 6 model 142 stepping 11 microcode 0x0, cx8, cmov, fxsr, mmx, 3dnowpref, sse, sse2, sse3, ssse3, sse4.1, sse4.2, popcnt, lzcnt, tsc, tscinvbit, avx, avx2, aes, clmul, vzeroupper, clflush, clflushopt, hv
CPU Model and flags from /proc/cpuinfo:
model name	: Intel(R) Core(TM) i5-8265U CPU @ 1.60GHz
flags		: fpu vme de pse tsc msr pae mce cx8 apic sep mtrr pge mca cmov pat pse36 clflush mmx fxsr sse sse2 ht syscall nx rdtscp lm constant_tsc rep_good nopl xtopology nonstop_tsc cpuid tsc_known_freq pni pclmulqdq ssse3 cx16 pcid sse4_1 sse4_2 x2apic movbe popcnt aes xsave avx rdrand hypervisor lahf_lm abm 3dnowprefetch invpcid_single fsgsbase avx2 invpcid rdseed clflushopt md_clear flush_l1d arch_capabilities

Online cpus: 0-3
Offline cpus: 
BIOS frequency limitation: <Not Available>
Frequency switch latency (ns): <Not Available>
Available cpu frequencies: <Not Available>
Current governor: <Not Available>
Core performance/turbo boost: <Not Available>

Memory: 4k page, physical 4888148k(117088k free), swap 2097148k(2900k free)
Page Sizes: 4k

vm_info: OpenJDK 64-Bit Server VM (17.0.6+10-Ubuntu-0ubuntu120.04.1) for linux-amd64 JRE (17.0.6+10-Ubuntu-0ubuntu120.04.1), built on Jan 24 2023 21:06:33 by "buildd" with gcc 9.4.0

END.
